<?xml version="1.0" encoding="UTF-8"?>
<testsuite xmlns:xsi="http://www.w3.org/2001/XMLSchema-instance" xsi:noNamespaceSchemaLocation="https://maven.apache.org/surefire/maven-surefire-plugin/xsd/surefire-test-report.xsd" name="com.poc.academia.ApiAcademiaApplicationTests" time="6.016" tests="1" errors="0" skipped="0" failures="0">
  <properties>
    <property name="java.specification.version" value="19"/>
    <property name="sun.jnu.encoding" value="UTF-8"/>
    <property name="java.class.path" value="/home/augusto.savi/github/PocSpring/target/test-classes:/home/augusto.savi/github/PocSpring/target/classes:/home/augusto.savi/.m2/outBetha/org/springframework/boot/spring-boot-starter-web/3.0.1/spring-boot-starter-web-3.0.1.jar:/home/augusto.savi/.m2/outBetha/org/springframework/boot/spring-boot-starter/3.0.1/spring-boot-starter-3.0.1.jar:/home/augusto.savi/.m2/outBetha/org/springframework/boot/spring-boot/3.0.1/spring-boot-3.0.1.jar:/home/augusto.savi/.m2/outBetha/org/springframework/boot/spring-boot-autoconfigure/3.0.1/spring-boot-autoconfigure-3.0.1.jar:/home/augusto.savi/.m2/outBetha/org/springframework/boot/spring-boot-starter-logging/3.0.1/spring-boot-starter-logging-3.0.1.jar:/home/augusto.savi/.m2/outBetha/ch/qos/logback/logback-classic/1.4.5/logback-classic-1.4.5.jar:/home/augusto.savi/.m2/outBetha/ch/qos/logback/logback-core/1.4.5/logback-core-1.4.5.jar:/home/augusto.savi/.m2/outBetha/org/apache/logging/log4j/log4j-to-slf4j/2.19.0/log4j-to-slf4j-2.19.0.jar:/home/augusto.savi/.m2/outBetha/org/apache/logging/log4j/log4j-api/2.19.0/log4j-api-2.19.0.jar:/home/augusto.savi/.m2/outBetha/org/slf4j/jul-to-slf4j/2.0.6/jul-to-slf4j-2.0.6.jar:/home/augusto.savi/.m2/outBetha/jakarta/annotation/jakarta.annotation-api/2.1.1/jakarta.annotation-api-2.1.1.jar:/home/augusto.savi/.m2/outBetha/org/yaml/snakeyaml/1.33/snakeyaml-1.33.jar:/home/augusto.savi/.m2/outBetha/org/springframework/boot/spring-boot-starter-json/3.0.1/spring-boot-starter-json-3.0.1.jar:/home/augusto.savi/.m2/outBetha/com/fasterxml/jackson/datatype/jackson-datatype-jdk8/2.14.1/jackson-datatype-jdk8-2.14.1.jar:/home/augusto.savi/.m2/outBetha/com/fasterxml/jackson/datatype/jackson-datatype-jsr310/2.14.1/jackson-datatype-jsr310-2.14.1.jar:/home/augusto.savi/.m2/outBetha/com/fasterxml/jackson/module/jackson-module-parameter-names/2.14.1/jackson-module-parameter-names-2.14.1.jar:/home/augusto.savi/.m2/outBetha/org/springframework/boot/spring-boot-starter-tomcat/3.0.1/spring-boot-starter-tomcat-3.0.1.jar:/home/augusto.savi/.m2/outBetha/org/apache/tomcat/embed/tomcat-embed-core/10.1.4/tomcat-embed-core-10.1.4.jar:/home/augusto.savi/.m2/outBetha/org/apache/tomcat/embed/tomcat-embed-websocket/10.1.4/tomcat-embed-websocket-10.1.4.jar:/home/augusto.savi/.m2/outBetha/org/springframework/spring-web/6.0.3/spring-web-6.0.3.jar:/home/augusto.savi/.m2/outBetha/org/springframework/spring-webmvc/6.0.3/spring-webmvc-6.0.3.jar:/home/augusto.savi/.m2/outBetha/org/springframework/boot/spring-boot-starter-test/3.0.1/spring-boot-starter-test-3.0.1.jar:/home/augusto.savi/.m2/outBetha/org/springframework/boot/spring-boot-test/3.0.1/spring-boot-test-3.0.1.jar:/home/augusto.savi/.m2/outBetha/org/springframework/boot/spring-boot-test-autoconfigure/3.0.1/spring-boot-test-autoconfigure-3.0.1.jar:/home/augusto.savi/.m2/outBetha/com/jayway/jsonpath/json-path/2.7.0/json-path-2.7.0.jar:/home/augusto.savi/.m2/outBetha/net/minidev/json-smart/2.4.8/json-smart-2.4.8.jar:/home/augusto.savi/.m2/outBetha/net/minidev/accessors-smart/2.4.8/accessors-smart-2.4.8.jar:/home/augusto.savi/.m2/outBetha/org/ow2/asm/asm/9.1/asm-9.1.jar:/home/augusto.savi/.m2/outBetha/org/slf4j/slf4j-api/2.0.6/slf4j-api-2.0.6.jar:/home/augusto.savi/.m2/outBetha/jakarta/xml/bind/jakarta.xml.bind-api/4.0.0/jakarta.xml.bind-api-4.0.0.jar:/home/augusto.savi/.m2/outBetha/jakarta/activation/jakarta.activation-api/2.1.0/jakarta.activation-api-2.1.0.jar:/home/augusto.savi/.m2/outBetha/org/assertj/assertj-core/3.23.1/assertj-core-3.23.1.jar:/home/augusto.savi/.m2/outBetha/net/bytebuddy/byte-buddy/1.12.20/byte-buddy-1.12.20.jar:/home/augusto.savi/.m2/outBetha/org/hamcrest/hamcrest/2.2/hamcrest-2.2.jar:/home/augusto.savi/.m2/outBetha/org/junit/jupiter/junit-jupiter/5.9.1/junit-jupiter-5.9.1.jar:/home/augusto.savi/.m2/outBetha/org/junit/jupiter/junit-jupiter-api/5.9.1/junit-jupiter-api-5.9.1.jar:/home/augusto.savi/.m2/outBetha/org/opentest4j/opentest4j/1.2.0/opentest4j-1.2.0.jar:/home/augusto.savi/.m2/outBetha/org/junit/platform/junit-platform-commons/1.9.1/junit-platform-commons-1.9.1.jar:/home/augusto.savi/.m2/outBetha/org/apiguardian/apiguardian-api/1.1.2/apiguardian-api-1.1.2.jar:/home/augusto.savi/.m2/outBetha/org/junit/jupiter/junit-jupiter-params/5.9.1/junit-jupiter-params-5.9.1.jar:/home/augusto.savi/.m2/outBetha/org/junit/jupiter/junit-jupiter-engine/5.9.1/junit-jupiter-engine-5.9.1.jar:/home/augusto.savi/.m2/outBetha/org/junit/platform/junit-platform-engine/1.9.1/junit-platform-engine-1.9.1.jar:/home/augusto.savi/.m2/outBetha/org/mockito/mockito-core/4.8.1/mockito-core-4.8.1.jar:/home/augusto.savi/.m2/outBetha/net/bytebuddy/byte-buddy-agent/1.12.20/byte-buddy-agent-1.12.20.jar:/home/augusto.savi/.m2/outBetha/org/objenesis/objenesis/3.2/objenesis-3.2.jar:/home/augusto.savi/.m2/outBetha/org/mockito/mockito-junit-jupiter/4.8.1/mockito-junit-jupiter-4.8.1.jar:/home/augusto.savi/.m2/outBetha/org/skyscreamer/jsonassert/1.5.1/jsonassert-1.5.1.jar:/home/augusto.savi/.m2/outBetha/com/vaadin/external/google/android-json/0.0.20131108.vaadin1/android-json-0.0.20131108.vaadin1.jar:/home/augusto.savi/.m2/outBetha/org/springframework/spring-core/6.0.3/spring-core-6.0.3.jar:/home/augusto.savi/.m2/outBetha/org/springframework/spring-jcl/6.0.3/spring-jcl-6.0.3.jar:/home/augusto.savi/.m2/outBetha/org/springframework/spring-test/6.0.3/spring-test-6.0.3.jar:/home/augusto.savi/.m2/outBetha/org/xmlunit/xmlunit-core/2.9.0/xmlunit-core-2.9.0.jar:/home/augusto.savi/.m2/outBetha/org/springframework/boot/spring-boot-starter-data-jpa/3.0.1/spring-boot-starter-data-jpa-3.0.1.jar:/home/augusto.savi/.m2/outBetha/org/springframework/boot/spring-boot-starter-aop/3.0.1/spring-boot-starter-aop-3.0.1.jar:/home/augusto.savi/.m2/outBetha/org/aspectj/aspectjweaver/1.9.19/aspectjweaver-1.9.19.jar:/home/augusto.savi/.m2/outBetha/org/springframework/boot/spring-boot-starter-jdbc/3.0.1/spring-boot-starter-jdbc-3.0.1.jar:/home/augusto.savi/.m2/outBetha/com/zaxxer/HikariCP/5.0.1/HikariCP-5.0.1.jar:/home/augusto.savi/.m2/outBetha/org/springframework/spring-jdbc/6.0.3/spring-jdbc-6.0.3.jar:/home/augusto.savi/.m2/outBetha/org/hibernate/orm/hibernate-core/6.1.6.Final/hibernate-core-6.1.6.Final.jar:/home/augusto.savi/.m2/outBetha/jakarta/persistence/jakarta.persistence-api/3.1.0/jakarta.persistence-api-3.1.0.jar:/home/augusto.savi/.m2/outBetha/jakarta/transaction/jakarta.transaction-api/2.0.1/jakarta.transaction-api-2.0.1.jar:/home/augusto.savi/.m2/outBetha/org/jboss/logging/jboss-logging/3.5.0.Final/jboss-logging-3.5.0.Final.jar:/home/augusto.savi/.m2/outBetha/org/hibernate/common/hibernate-commons-annotations/6.0.2.Final/hibernate-commons-annotations-6.0.2.Final.jar:/home/augusto.savi/.m2/outBetha/org/jboss/jandex/2.4.2.Final/jandex-2.4.2.Final.jar:/home/augusto.savi/.m2/outBetha/com/fasterxml/classmate/1.5.1/classmate-1.5.1.jar:/home/augusto.savi/.m2/outBetha/org/glassfish/jaxb/jaxb-runtime/4.0.1/jaxb-runtime-4.0.1.jar:/home/augusto.savi/.m2/outBetha/org/glassfish/jaxb/jaxb-core/4.0.1/jaxb-core-4.0.1.jar:/home/augusto.savi/.m2/outBetha/org/eclipse/angus/angus-activation/1.0.0/angus-activation-1.0.0.jar:/home/augusto.savi/.m2/outBetha/org/glassfish/jaxb/txw2/4.0.1/txw2-4.0.1.jar:/home/augusto.savi/.m2/outBetha/com/sun/istack/istack-commons-runtime/4.1.1/istack-commons-runtime-4.1.1.jar:/home/augusto.savi/.m2/outBetha/jakarta/inject/jakarta.inject-api/2.0.0/jakarta.inject-api-2.0.0.jar:/home/augusto.savi/.m2/outBetha/org/antlr/antlr4-runtime/4.10.1/antlr4-runtime-4.10.1.jar:/home/augusto.savi/.m2/outBetha/org/springframework/data/spring-data-jpa/3.0.0/spring-data-jpa-3.0.0.jar:/home/augusto.savi/.m2/outBetha/org/springframework/data/spring-data-commons/3.0.0/spring-data-commons-3.0.0.jar:/home/augusto.savi/.m2/outBetha/org/springframework/spring-orm/6.0.3/spring-orm-6.0.3.jar:/home/augusto.savi/.m2/outBetha/org/springframework/spring-tx/6.0.3/spring-tx-6.0.3.jar:/home/augusto.savi/.m2/outBetha/org/springframework/spring-aspects/6.0.3/spring-aspects-6.0.3.jar:/home/augusto.savi/.m2/outBetha/org/springframework/boot/spring-boot-starter-validation/3.0.1/spring-boot-starter-validation-3.0.1.jar:/home/augusto.savi/.m2/outBetha/org/apache/tomcat/embed/tomcat-embed-el/10.1.4/tomcat-embed-el-10.1.4.jar:/home/augusto.savi/.m2/outBetha/org/hibernate/validator/hibernate-validator/8.0.0.Final/hibernate-validator-8.0.0.Final.jar:/home/augusto.savi/.m2/outBetha/jakarta/validation/jakarta.validation-api/3.0.2/jakarta.validation-api-3.0.2.jar:/home/augusto.savi/.m2/outBetha/org/springframework/security/spring-security-core/6.0.1/spring-security-core-6.0.1.jar:/home/augusto.savi/.m2/outBetha/org/springframework/security/spring-security-crypto/6.0.1/spring-security-crypto-6.0.1.jar:/home/augusto.savi/.m2/outBetha/org/springframework/spring-aop/6.0.3/spring-aop-6.0.3.jar:/home/augusto.savi/.m2/outBetha/org/springframework/spring-beans/6.0.3/spring-beans-6.0.3.jar:/home/augusto.savi/.m2/outBetha/org/springframework/spring-context/6.0.3/spring-context-6.0.3.jar:/home/augusto.savi/.m2/outBetha/org/springframework/spring-expression/6.0.3/spring-expression-6.0.3.jar:/home/augusto.savi/.m2/outBetha/io/micrometer/micrometer-observation/1.10.2/micrometer-observation-1.10.2.jar:/home/augusto.savi/.m2/outBetha/io/micrometer/micrometer-commons/1.10.2/micrometer-commons-1.10.2.jar:/home/augusto.savi/.m2/outBetha/org/springframework/security/spring-security-web/6.0.1/spring-security-web-6.0.1.jar:/home/augusto.savi/.m2/outBetha/org/springframework/security/spring-security-config/6.0.1/spring-security-config-6.0.1.jar:/home/augusto.savi/.m2/outBetha/io/jsonwebtoken/jjwt-api/0.11.5/jjwt-api-0.11.5.jar:/home/augusto.savi/.m2/outBetha/io/jsonwebtoken/jjwt-impl/0.11.5/jjwt-impl-0.11.5.jar:/home/augusto.savi/.m2/outBetha/io/jsonwebtoken/jjwt-jackson/0.11.5/jjwt-jackson-0.11.5.jar:/home/augusto.savi/.m2/outBetha/com/fasterxml/jackson/core/jackson-databind/2.14.1/jackson-databind-2.14.1.jar:/home/augusto.savi/.m2/outBetha/com/fasterxml/jackson/core/jackson-annotations/2.14.1/jackson-annotations-2.14.1.jar:/home/augusto.savi/.m2/outBetha/com/fasterxml/jackson/core/jackson-core/2.14.1/jackson-core-2.14.1.jar:/home/augusto.savi/.m2/outBetha/org/postgresql/postgresql/42.5.1/postgresql-42.5.1.jar:/home/augusto.savi/.m2/outBetha/org/checkerframework/checker-qual/3.5.0/checker-qual-3.5.0.jar:/home/augusto.savi/.m2/outBetha/org/projectlombok/lombok/1.18.24/lombok-1.18.24.jar:/home/augusto.savi/.m2/outBetha/org/springdoc/springdoc-openapi-starter-webmvc-ui/2.0.2/springdoc-openapi-starter-webmvc-ui-2.0.2.jar:/home/augusto.savi/.m2/outBetha/org/springdoc/springdoc-openapi-starter-webmvc-api/2.0.2/springdoc-openapi-starter-webmvc-api-2.0.2.jar:/home/augusto.savi/.m2/outBetha/org/springdoc/springdoc-openapi-starter-common/2.0.2/springdoc-openapi-starter-common-2.0.2.jar:/home/augusto.savi/.m2/outBetha/io/swagger/core/v3/swagger-core-jakarta/2.2.7/swagger-core-jakarta-2.2.7.jar:/home/augusto.savi/.m2/outBetha/org/apache/commons/commons-lang3/3.12.0/commons-lang3-3.12.0.jar:/home/augusto.savi/.m2/outBetha/io/swagger/core/v3/swagger-annotations-jakarta/2.2.7/swagger-annotations-jakarta-2.2.7.jar:/home/augusto.savi/.m2/outBetha/io/swagger/core/v3/swagger-models-jakarta/2.2.7/swagger-models-jakarta-2.2.7.jar:/home/augusto.savi/.m2/outBetha/com/fasterxml/jackson/dataformat/jackson-dataformat-yaml/2.14.1/jackson-dataformat-yaml-2.14.1.jar:/home/augusto.savi/.m2/outBetha/org/webjars/swagger-ui/4.15.5/swagger-ui-4.15.5.jar:/home/augusto.savi/.m2/outBetha/org/webjars/webjars-locator-core/0.52/webjars-locator-core-0.52.jar:/home/augusto.savi/.m2/outBetha/io/github/classgraph/classgraph/4.8.149/classgraph-4.8.149.jar:"/>
    <property name="java.vm.vendor" value="Oracle Corporation"/>
    <property name="sun.arch.data.model" value="64"/>
    <property name="java.vendor.url" value="https://java.oracle.com/"/>
    <property name="os.name" value="Linux"/>
    <property name="java.vm.specification.version" value="19"/>
    <property name="sun.java.launcher" value="SUN_STANDARD"/>
    <property name="user.country" value="BR"/>
    <property name="sun.boot.library.path" value="/home/augusto.savi/.jdks/openjdk-19.0.1/lib"/>
    <property name="sun.java.command" value="/home/augusto.savi/github/PocSpring/target/surefire/surefirebooter18323140703024987893.jar /home/augusto.savi/github/PocSpring/target/surefire 2023-03-03T23-47-08_947-jvmRun1 surefire1030315820245010050tmp surefire_02039746534832980128tmp"/>
    <property name="jdk.debug" value="release"/>
    <property name="surefire.test.class.path" value="/home/augusto.savi/github/PocSpring/target/test-classes:/home/augusto.savi/github/PocSpring/target/classes:/home/augusto.savi/.m2/outBetha/org/springframework/boot/spring-boot-starter-web/3.0.1/spring-boot-starter-web-3.0.1.jar:/home/augusto.savi/.m2/outBetha/org/springframework/boot/spring-boot-starter/3.0.1/spring-boot-starter-3.0.1.jar:/home/augusto.savi/.m2/outBetha/org/springframework/boot/spring-boot/3.0.1/spring-boot-3.0.1.jar:/home/augusto.savi/.m2/outBetha/org/springframework/boot/spring-boot-autoconfigure/3.0.1/spring-boot-autoconfigure-3.0.1.jar:/home/augusto.savi/.m2/outBetha/org/springframework/boot/spring-boot-starter-logging/3.0.1/spring-boot-starter-logging-3.0.1.jar:/home/augusto.savi/.m2/outBetha/ch/qos/logback/logback-classic/1.4.5/logback-classic-1.4.5.jar:/home/augusto.savi/.m2/outBetha/ch/qos/logback/logback-core/1.4.5/logback-core-1.4.5.jar:/home/augusto.savi/.m2/outBetha/org/apache/logging/log4j/log4j-to-slf4j/2.19.0/log4j-to-slf4j-2.19.0.jar:/home/augusto.savi/.m2/outBetha/org/apache/logging/log4j/log4j-api/2.19.0/log4j-api-2.19.0.jar:/home/augusto.savi/.m2/outBetha/org/slf4j/jul-to-slf4j/2.0.6/jul-to-slf4j-2.0.6.jar:/home/augusto.savi/.m2/outBetha/jakarta/annotation/jakarta.annotation-api/2.1.1/jakarta.annotation-api-2.1.1.jar:/home/augusto.savi/.m2/outBetha/org/yaml/snakeyaml/1.33/snakeyaml-1.33.jar:/home/augusto.savi/.m2/outBetha/org/springframework/boot/spring-boot-starter-json/3.0.1/spring-boot-starter-json-3.0.1.jar:/home/augusto.savi/.m2/outBetha/com/fasterxml/jackson/datatype/jackson-datatype-jdk8/2.14.1/jackson-datatype-jdk8-2.14.1.jar:/home/augusto.savi/.m2/outBetha/com/fasterxml/jackson/datatype/jackson-datatype-jsr310/2.14.1/jackson-datatype-jsr310-2.14.1.jar:/home/augusto.savi/.m2/outBetha/com/fasterxml/jackson/module/jackson-module-parameter-names/2.14.1/jackson-module-parameter-names-2.14.1.jar:/home/augusto.savi/.m2/outBetha/org/springframework/boot/spring-boot-starter-tomcat/3.0.1/spring-boot-starter-tomcat-3.0.1.jar:/home/augusto.savi/.m2/outBetha/org/apache/tomcat/embed/tomcat-embed-core/10.1.4/tomcat-embed-core-10.1.4.jar:/home/augusto.savi/.m2/outBetha/org/apache/tomcat/embed/tomcat-embed-websocket/10.1.4/tomcat-embed-websocket-10.1.4.jar:/home/augusto.savi/.m2/outBetha/org/springframework/spring-web/6.0.3/spring-web-6.0.3.jar:/home/augusto.savi/.m2/outBetha/org/springframework/spring-webmvc/6.0.3/spring-webmvc-6.0.3.jar:/home/augusto.savi/.m2/outBetha/org/springframework/boot/spring-boot-starter-test/3.0.1/spring-boot-starter-test-3.0.1.jar:/home/augusto.savi/.m2/outBetha/org/springframework/boot/spring-boot-test/3.0.1/spring-boot-test-3.0.1.jar:/home/augusto.savi/.m2/outBetha/org/springframework/boot/spring-boot-test-autoconfigure/3.0.1/spring-boot-test-autoconfigure-3.0.1.jar:/home/augusto.savi/.m2/outBetha/com/jayway/jsonpath/json-path/2.7.0/json-path-2.7.0.jar:/home/augusto.savi/.m2/outBetha/net/minidev/json-smart/2.4.8/json-smart-2.4.8.jar:/home/augusto.savi/.m2/outBetha/net/minidev/accessors-smart/2.4.8/accessors-smart-2.4.8.jar:/home/augusto.savi/.m2/outBetha/org/ow2/asm/asm/9.1/asm-9.1.jar:/home/augusto.savi/.m2/outBetha/org/slf4j/slf4j-api/2.0.6/slf4j-api-2.0.6.jar:/home/augusto.savi/.m2/outBetha/jakarta/xml/bind/jakarta.xml.bind-api/4.0.0/jakarta.xml.bind-api-4.0.0.jar:/home/augusto.savi/.m2/outBetha/jakarta/activation/jakarta.activation-api/2.1.0/jakarta.activation-api-2.1.0.jar:/home/augusto.savi/.m2/outBetha/org/assertj/assertj-core/3.23.1/assertj-core-3.23.1.jar:/home/augusto.savi/.m2/outBetha/net/bytebuddy/byte-buddy/1.12.20/byte-buddy-1.12.20.jar:/home/augusto.savi/.m2/outBetha/org/hamcrest/hamcrest/2.2/hamcrest-2.2.jar:/home/augusto.savi/.m2/outBetha/org/junit/jupiter/junit-jupiter/5.9.1/junit-jupiter-5.9.1.jar:/home/augusto.savi/.m2/outBetha/org/junit/jupiter/junit-jupiter-api/5.9.1/junit-jupiter-api-5.9.1.jar:/home/augusto.savi/.m2/outBetha/org/opentest4j/opentest4j/1.2.0/opentest4j-1.2.0.jar:/home/augusto.savi/.m2/outBetha/org/junit/platform/junit-platform-commons/1.9.1/junit-platform-commons-1.9.1.jar:/home/augusto.savi/.m2/outBetha/org/apiguardian/apiguardian-api/1.1.2/apiguardian-api-1.1.2.jar:/home/augusto.savi/.m2/outBetha/org/junit/jupiter/junit-jupiter-params/5.9.1/junit-jupiter-params-5.9.1.jar:/home/augusto.savi/.m2/outBetha/org/junit/jupiter/junit-jupiter-engine/5.9.1/junit-jupiter-engine-5.9.1.jar:/home/augusto.savi/.m2/outBetha/org/junit/platform/junit-platform-engine/1.9.1/junit-platform-engine-1.9.1.jar:/home/augusto.savi/.m2/outBetha/org/mockito/mockito-core/4.8.1/mockito-core-4.8.1.jar:/home/augusto.savi/.m2/outBetha/net/bytebuddy/byte-buddy-agent/1.12.20/byte-buddy-agent-1.12.20.jar:/home/augusto.savi/.m2/outBetha/org/objenesis/objenesis/3.2/objenesis-3.2.jar:/home/augusto.savi/.m2/outBetha/org/mockito/mockito-junit-jupiter/4.8.1/mockito-junit-jupiter-4.8.1.jar:/home/augusto.savi/.m2/outBetha/org/skyscreamer/jsonassert/1.5.1/jsonassert-1.5.1.jar:/home/augusto.savi/.m2/outBetha/com/vaadin/external/google/android-json/0.0.20131108.vaadin1/android-json-0.0.20131108.vaadin1.jar:/home/augusto.savi/.m2/outBetha/org/springframework/spring-core/6.0.3/spring-core-6.0.3.jar:/home/augusto.savi/.m2/outBetha/org/springframework/spring-jcl/6.0.3/spring-jcl-6.0.3.jar:/home/augusto.savi/.m2/outBetha/org/springframework/spring-test/6.0.3/spring-test-6.0.3.jar:/home/augusto.savi/.m2/outBetha/org/xmlunit/xmlunit-core/2.9.0/xmlunit-core-2.9.0.jar:/home/augusto.savi/.m2/outBetha/org/springframework/boot/spring-boot-starter-data-jpa/3.0.1/spring-boot-starter-data-jpa-3.0.1.jar:/home/augusto.savi/.m2/outBetha/org/springframework/boot/spring-boot-starter-aop/3.0.1/spring-boot-starter-aop-3.0.1.jar:/home/augusto.savi/.m2/outBetha/org/aspectj/aspectjweaver/1.9.19/aspectjweaver-1.9.19.jar:/home/augusto.savi/.m2/outBetha/org/springframework/boot/spring-boot-starter-jdbc/3.0.1/spring-boot-starter-jdbc-3.0.1.jar:/home/augusto.savi/.m2/outBetha/com/zaxxer/HikariCP/5.0.1/HikariCP-5.0.1.jar:/home/augusto.savi/.m2/outBetha/org/springframework/spring-jdbc/6.0.3/spring-jdbc-6.0.3.jar:/home/augusto.savi/.m2/outBetha/org/hibernate/orm/hibernate-core/6.1.6.Final/hibernate-core-6.1.6.Final.jar:/home/augusto.savi/.m2/outBetha/jakarta/persistence/jakarta.persistence-api/3.1.0/jakarta.persistence-api-3.1.0.jar:/home/augusto.savi/.m2/outBetha/jakarta/transaction/jakarta.transaction-api/2.0.1/jakarta.transaction-api-2.0.1.jar:/home/augusto.savi/.m2/outBetha/org/jboss/logging/jboss-logging/3.5.0.Final/jboss-logging-3.5.0.Final.jar:/home/augusto.savi/.m2/outBetha/org/hibernate/common/hibernate-commons-annotations/6.0.2.Final/hibernate-commons-annotations-6.0.2.Final.jar:/home/augusto.savi/.m2/outBetha/org/jboss/jandex/2.4.2.Final/jandex-2.4.2.Final.jar:/home/augusto.savi/.m2/outBetha/com/fasterxml/classmate/1.5.1/classmate-1.5.1.jar:/home/augusto.savi/.m2/outBetha/org/glassfish/jaxb/jaxb-runtime/4.0.1/jaxb-runtime-4.0.1.jar:/home/augusto.savi/.m2/outBetha/org/glassfish/jaxb/jaxb-core/4.0.1/jaxb-core-4.0.1.jar:/home/augusto.savi/.m2/outBetha/org/eclipse/angus/angus-activation/1.0.0/angus-activation-1.0.0.jar:/home/augusto.savi/.m2/outBetha/org/glassfish/jaxb/txw2/4.0.1/txw2-4.0.1.jar:/home/augusto.savi/.m2/outBetha/com/sun/istack/istack-commons-runtime/4.1.1/istack-commons-runtime-4.1.1.jar:/home/augusto.savi/.m2/outBetha/jakarta/inject/jakarta.inject-api/2.0.0/jakarta.inject-api-2.0.0.jar:/home/augusto.savi/.m2/outBetha/org/antlr/antlr4-runtime/4.10.1/antlr4-runtime-4.10.1.jar:/home/augusto.savi/.m2/outBetha/org/springframework/data/spring-data-jpa/3.0.0/spring-data-jpa-3.0.0.jar:/home/augusto.savi/.m2/outBetha/org/springframework/data/spring-data-commons/3.0.0/spring-data-commons-3.0.0.jar:/home/augusto.savi/.m2/outBetha/org/springframework/spring-orm/6.0.3/spring-orm-6.0.3.jar:/home/augusto.savi/.m2/outBetha/org/springframework/spring-tx/6.0.3/spring-tx-6.0.3.jar:/home/augusto.savi/.m2/outBetha/org/springframework/spring-aspects/6.0.3/spring-aspects-6.0.3.jar:/home/augusto.savi/.m2/outBetha/org/springframework/boot/spring-boot-starter-validation/3.0.1/spring-boot-starter-validation-3.0.1.jar:/home/augusto.savi/.m2/outBetha/org/apache/tomcat/embed/tomcat-embed-el/10.1.4/tomcat-embed-el-10.1.4.jar:/home/augusto.savi/.m2/outBetha/org/hibernate/validator/hibernate-validator/8.0.0.Final/hibernate-validator-8.0.0.Final.jar:/home/augusto.savi/.m2/outBetha/jakarta/validation/jakarta.validation-api/3.0.2/jakarta.validation-api-3.0.2.jar:/home/augusto.savi/.m2/outBetha/org/springframework/security/spring-security-core/6.0.1/spring-security-core-6.0.1.jar:/home/augusto.savi/.m2/outBetha/org/springframework/security/spring-security-crypto/6.0.1/spring-security-crypto-6.0.1.jar:/home/augusto.savi/.m2/outBetha/org/springframework/spring-aop/6.0.3/spring-aop-6.0.3.jar:/home/augusto.savi/.m2/outBetha/org/springframework/spring-beans/6.0.3/spring-beans-6.0.3.jar:/home/augusto.savi/.m2/outBetha/org/springframework/spring-context/6.0.3/spring-context-6.0.3.jar:/home/augusto.savi/.m2/outBetha/org/springframework/spring-expression/6.0.3/spring-expression-6.0.3.jar:/home/augusto.savi/.m2/outBetha/io/micrometer/micrometer-observation/1.10.2/micrometer-observation-1.10.2.jar:/home/augusto.savi/.m2/outBetha/io/micrometer/micrometer-commons/1.10.2/micrometer-commons-1.10.2.jar:/home/augusto.savi/.m2/outBetha/org/springframework/security/spring-security-web/6.0.1/spring-security-web-6.0.1.jar:/home/augusto.savi/.m2/outBetha/org/springframework/security/spring-security-config/6.0.1/spring-security-config-6.0.1.jar:/home/augusto.savi/.m2/outBetha/io/jsonwebtoken/jjwt-api/0.11.5/jjwt-api-0.11.5.jar:/home/augusto.savi/.m2/outBetha/io/jsonwebtoken/jjwt-impl/0.11.5/jjwt-impl-0.11.5.jar:/home/augusto.savi/.m2/outBetha/io/jsonwebtoken/jjwt-jackson/0.11.5/jjwt-jackson-0.11.5.jar:/home/augusto.savi/.m2/outBetha/com/fasterxml/jackson/core/jackson-databind/2.14.1/jackson-databind-2.14.1.jar:/home/augusto.savi/.m2/outBetha/com/fasterxml/jackson/core/jackson-annotations/2.14.1/jackson-annotations-2.14.1.jar:/home/augusto.savi/.m2/outBetha/com/fasterxml/jackson/core/jackson-core/2.14.1/jackson-core-2.14.1.jar:/home/augusto.savi/.m2/outBetha/org/postgresql/postgresql/42.5.1/postgresql-42.5.1.jar:/home/augusto.savi/.m2/outBetha/org/checkerframework/checker-qual/3.5.0/checker-qual-3.5.0.jar:/home/augusto.savi/.m2/outBetha/org/projectlombok/lombok/1.18.24/lombok-1.18.24.jar:/home/augusto.savi/.m2/outBetha/org/springdoc/springdoc-openapi-starter-webmvc-ui/2.0.2/springdoc-openapi-starter-webmvc-ui-2.0.2.jar:/home/augusto.savi/.m2/outBetha/org/springdoc/springdoc-openapi-starter-webmvc-api/2.0.2/springdoc-openapi-starter-webmvc-api-2.0.2.jar:/home/augusto.savi/.m2/outBetha/org/springdoc/springdoc-openapi-starter-common/2.0.2/springdoc-openapi-starter-common-2.0.2.jar:/home/augusto.savi/.m2/outBetha/io/swagger/core/v3/swagger-core-jakarta/2.2.7/swagger-core-jakarta-2.2.7.jar:/home/augusto.savi/.m2/outBetha/org/apache/commons/commons-lang3/3.12.0/commons-lang3-3.12.0.jar:/home/augusto.savi/.m2/outBetha/io/swagger/core/v3/swagger-annotations-jakarta/2.2.7/swagger-annotations-jakarta-2.2.7.jar:/home/augusto.savi/.m2/outBetha/io/swagger/core/v3/swagger-models-jakarta/2.2.7/swagger-models-jakarta-2.2.7.jar:/home/augusto.savi/.m2/outBetha/com/fasterxml/jackson/dataformat/jackson-dataformat-yaml/2.14.1/jackson-dataformat-yaml-2.14.1.jar:/home/augusto.savi/.m2/outBetha/org/webjars/swagger-ui/4.15.5/swagger-ui-4.15.5.jar:/home/augusto.savi/.m2/outBetha/org/webjars/webjars-locator-core/0.52/webjars-locator-core-0.52.jar:/home/augusto.savi/.m2/outBetha/io/github/classgraph/classgraph/4.8.149/classgraph-4.8.149.jar:"/>
    <property name="sun.cpu.endian" value="little"/>
    <property name="user.home" value="/home/augusto.savi"/>
    <property name="user.language" value="pt"/>
    <property name="java.specification.vendor" value="Oracle Corporation"/>
    <property name="java.version.date" value="2022-10-18"/>
    <property name="java.home" value="/home/augusto.savi/.jdks/openjdk-19.0.1"/>
    <property name="file.separator" value="/"/>
    <property name="basedir" value="/home/augusto.savi/github/PocSpring"/>
    <property name="java.vm.compressedOopsMode" value="Zero based"/>
    <property name="line.separator" value="&#10;"/>
    <property name="java.specification.name" value="Java Platform API Specification"/>
    <property name="java.vm.specification.vendor" value="Oracle Corporation"/>
    <property name="surefire.real.class.path" value="/home/augusto.savi/github/PocSpring/target/surefire/surefirebooter18323140703024987893.jar"/>
    <property name="sun.management.compiler" value="HotSpot 64-Bit Tiered Compilers"/>
    <property name="java.runtime.version" value="19.0.1+10-21"/>
    <property name="user.name" value="BETHA\augusto.savi"/>
    <property name="stdout.encoding" value="UTF-8"/>
    <property name="path.separator" value=":"/>
    <property name="os.version" value="5.14.0-1058-oem"/>
    <property name="java.runtime.name" value="OpenJDK Runtime Environment"/>
    <property name="file.encoding" value="UTF-8"/>
    <property name="java.vm.name" value="OpenJDK 64-Bit Server VM"/>
    <property name="localRepository" value="/home/augusto.savi/.m2/outBetha"/>
    <property name="java.vendor.url.bug" value="https://bugreport.java.com/bugreport/"/>
    <property name="java.io.tmpdir" value="/tmp"/>
    <property name="idea.version" value="2022.3.2"/>
    <property name="java.version" value="19.0.1"/>
    <property name="user.dir" value="/home/augusto.savi/github/PocSpring"/>
    <property name="os.arch" value="amd64"/>
    <property name="java.vm.specification.name" value="Java Virtual Machine Specification"/>
    <property name="native.encoding" value="UTF-8"/>
    <property name="java.library.path" value="/usr/java/packages/lib:/usr/lib64:/lib64:/lib:/usr/lib"/>
    <property name="java.vm.info" value="mixed mode, sharing"/>
    <property name="stderr.encoding" value="UTF-8"/>
    <property name="java.vendor" value="Oracle Corporation"/>
    <property name="java.vm.version" value="19.0.1+10-21"/>
    <property name="sun.io.unicode.encoding" value="UnicodeLittle"/>
    <property name="maven.repo.local" value="/home/augusto.savi/.m2/outBetha"/>
    <property name="java.class.version" value="63.0"/>
  </properties>
  <testcase name="contextLoads" classname="com.poc.academia.ApiAcademiaApplicationTests" time="0.169"/>
</testsuite>